[RUN #0 100 100]
13 -612 -685 -438 693 -115 -70 -527 -145 -905 74 -344 118 -304 123 70 659 84 -63 981 601 -455 375 955 371 -832 -873 117 -421 555 -821 657 -934 -106 400 847 231 538 -276 944 -319 -528 -976 -123 -360 -541 759 -477 410 842 -257 -849 -636 484 451 -383 -925 -548 971 -160 91 960 653 -262 611 119 -326 -710 990 216 -239 218 978 701 -539 139 -227 557 -125 668 -515 18 698 -500 -647 622 159 -513 186 -64 -648 874 -885 -97 -447 -624 -324 294 -444 730
-407 808 -281 -672 -770 517 -741 -504 444 -659 -182 -964 -689 -27 349 -214 -987 -125 -180 -942 -570 131 420 353 698 -228 217 -346 -205 40 898 277 -500 868 -852 136 351 883 -246 939 751 -581 382 -677 452 466 307 68 -937 -457 114 -474 -277 951 -914 116 536 -46 -260 -318 442 -459 179 767 -36 -298 -161 170 -572 535 -129 -810 -387 -489 -398 -713 -920 -819 465 -651 354 309 961 -104 30 -907 -602 846 -793 -332 285 -897 827 -117 -603 -522 -416 -788 -330 -804
-817 -211 -286 908 -40 -563 -772 -80 -475 -130 327 994 -537 524 108 -407 -978 533 -965 -241 588 140 149 673 -845 -260 237 623 -658 -358 -396 591 -536 -777 813 -451 766 -644 778 354 494 811 -796 -931 792 -28 650 -832 241 829 637 -743 464 860 -292 -39 415 476 624 -589 -109 -340 483 -304 -25 399 899 -756 -297 -582 842 950 862 934 869 214 671 157 -695 -216 -630 -774 -459 -668 158 366 390 502 207 239 -873 709 -984 995 -737 -121 -529 430 -896 -704
262 -577 248 546 -602 -105 26 401 603 -240 -866 -907 232 964 -81 599 -551 177 591 279 -140 234 -557 -940 426 -857 631 761 -848 560 -239 139 775 -797 170 250 -401 -464 -693 -656 -641 864 -819 -685 190 -600 725 301 -645 973 300 545 -562 -653 765 -183 -31 957 -69 715 -567 251 -790 -149 307 870 582 -456 -202 992 803 244 -101 -758 196 -316 -949 893 -21 -951 -658 372 -780 179 -674 616 -847 -603 -157 400 -372 38 849 -478 -355 -26 176 -590 32 445
570 728 79 -908 417 -859 -917 423 -429 233 366 125 -246 -847 -886 -804 762 -870 -336 -432 367 166 -617 -13 613 -66 358 -934 -258 -653 440 464 116 801 999 -28 494 -325 574 605 -353 807 573 -989 336 -720 875 -96 -920 -168 -396 788 -607 -625 -167 -918 -366 -588 -713 -427 -974 -947 715 343 -862 492 -515 -668 -558 -135 -935 21 -783 705 616 906 -778 583 127 -835 -149 665 631 32 -958 642 -221 415 -655 -764 -349 -17 690 764 -369 -403 174 67 765 452
[RUN #1 3 100]
-594 -995 569
45 650 -261
538 968 -727
-997 -822 -431
-589 -919 -408
-45 43 948
445 -325 498
-399 750 566
-360 559 -32
115 817 467
84 -261 524
644 -312 -183
-149 -831 225
952 -806 867
656 835 228
81 -505 -576
962 626 816
135 899 -421
-579 -583 59
448 -132 -779
-119 358 -960
-550 364 548
-235 135 -488
991 -24 -387
-681 507 781
-93 710 -753
625 587 -754
562 -175 169
799 341 408
-716 94 -412
684 -825 139
19 53 -129
-333 771 -250
-81 973 -647
-479 75 -993
197 -328 -534
-57 -67 128
-872 51 -452
-318 -665 -109
-506 153 694
-96 -10 -51
731 -564 -464
955 -877 -974
-435 946 -108
-925 -361 -151
305 952 -636
99 -741 523
-753 -483 736
578 166 781
-956 -779 -286
-553 525 477
602 508 -112
402 -381 -415
840 -247 -12
-108 -128 -168
756 -791 -976
741 484 -841
-219 640 136
-277 -295 491
-373 795 -458
-716 -823 -170
-380 -124 265
-858 607 -910
-303 -824 -637
-344 662 -385
308 -54 -970
952 96 -563
476 -456 624
979 -980 -796
-84 -273 562
185 -922 65
51 -962 967
275 -291 376
520 -575 -912
837 907 -419
-3 -408 760
907 -790 -366
853 -915 -695
45 -934 -180
447 -412 -932
-859 252 -713
821 -186 -893
197 -464 829
849 218 228
-696 -159 86
759 -384 -346
574 -221 -216
864 626 285
-338 449 -11
725 -983 259
-33 362 710
-90 -906 706
-341 301 -939
901 47 149
794 198 -685
-437 -939 259
371 -841 150
-920 -280 -74
-275 -588 -602
793 -113 -318
